<?xml version="1.0" encoding="UTF-8"?>
<!-- Generated by org.testng.reporters.JUnitReportReporter -->
<testsuite hostname="DESKTOP-QOQL0HO" failures="0" tests="1" name="shopper_stack.TC_02_Login" time="35.763" errors="0" timestamp="2024-02-27T01:35:04 GMT-08:00" skipped="0">
  <testcase classname="shopper_stack.TC_02_Login" name="login" time="35.763"/>
  <system-out>
    <![CDATA[LOGIN SUCCESSFULLY COMPLETED]]>
  </system-out>
</testsuite> <!-- shopper_stack.TC_02_Login -->
