<?xml version="1.0" encoding="UTF-8"?>
<!-- Generated by org.testng.reporters.JUnitReportReporter -->
<testsuite hostname="DESKTOP-QOQL0HO" failures="0" tests="1" name="shopper_stack.TC_03_Men" time="41.901" errors="0" timestamp="2024-02-20T21:57:55 GMT-08:00" skipped="0">
  <testcase classname="shopper_stack.TC_03_Men" name="men" time="41.901"/>
  <system-out>
    <![CDATA[MEN-->ADDED ITEM]]>
  </system-out>
</testsuite> <!-- shopper_stack.TC_03_Men -->
