<?xml version="1.0" encoding="UTF-8"?>
<!-- Generated by org.testng.reporters.JUnitReportReporter -->
<testsuite hostname="DESKTOP-QOQL0HO" failures="0" tests="1" name="shopper_stack.TC_04_Women" time="39.054" errors="0" timestamp="2024-02-19T23:08:17 GMT-08:00" skipped="0">
  <testcase classname="shopper_stack.TC_04_Women" name="women" time="39.054"/>
  <system-out>
    <![CDATA[WOMEN-->ITEM ADDED]]>
  </system-out>
</testsuite> <!-- shopper_stack.TC_04_Women -->
