<?xml version="1.0" encoding="UTF-8"?>
<!-- Generated by org.testng.reporters.JUnitReportReporter -->
<testsuite hostname="DESKTOP-QOQL0HO" failures="0" tests="1" name="shopper_stack.TC_07_Beauty" time="28.031" errors="0" timestamp="2024-02-19T23:08:17 GMT-08:00" skipped="0">
  <testcase classname="shopper_stack.TC_07_Beauty" name="beauty" time="28.031"/>
  <system-out/>
</testsuite> <!-- shopper_stack.TC_07_Beauty -->
